FAILED tests/admin/test_app_startup.py::TestMainFunction::test_main_authenticated_success
FAILED tests/admin/test_app_startup.py::TestMainFunction::test_main_fallback_navigation_on_import_error
FAILED tests/admin/test_metrics_helper.py::TestGetRecentFailures::test_returns_recent_failures_list
FAILED tests/admin/test_metrics_helper.py::TestGetRecentFailures::test_truncates_long_error_messages
FAILED tests/admin/test_operations_audit.py::test_get_worker_stats_success - ...
FAILED tests/admin/test_operations_audit.py::test_get_worker_stats_no_workers
FAILED tests/admin/test_operations_audit.py::test_get_worker_stats_error - As...
FAILED tests/admin/test_operations_audit.py::test_get_active_workers_success
FAILED tests/admin/test_operations_audit.py::test_get_active_workers_no_workers
FAILED tests/admin/test_operations_audit.py::test_log_operation_success - Ass...
FAILED tests/admin/test_operations_audit.py::test_log_operation_database_error
FAILED tests/admin/test_operations_audit.py::test_get_recent_operations_success
FAILED tests/admin/test_operations_audit.py::test_get_recent_operations_no_operations
FAILED tests/admin/test_operations_audit.py::test_get_recent_operations_database_error
FAILED tests/admin/test_operations_core.py::test_pause_processing_success - A...
FAILED tests/admin/test_operations_core.py::test_pause_processing_redis_unavailable
FAILED tests/admin/test_operations_core.py::test_pause_processing_redis_error
FAILED tests/admin/test_operations_core.py::test_resume_processing_success - ...
FAILED tests/admin/test_operations_core.py::test_resume_processing_redis_unavailable
FAILED tests/admin/test_operations_core.py::test_is_processing_paused_true - ...
FAILED tests/admin/test_operations_core.py::test_clear_celery_queue_success
FAILED tests/admin/test_operations_core.py::test_clear_celery_queue_error - a...
FAILED tests/admin/test_operations_core.py::test_get_queue_length_success - a...
FAILED tests/admin/test_operations_core.py::test_get_queue_length_custom_queue
FAILED tests/admin/test_operations_core.py::test_sync_tenant_configs_success
FAILED tests/admin/test_operations_core.py::test_sync_tenant_configs_no_tenants
FAILED tests/admin/test_operations_core.py::test_sync_tenant_configs_redis_unavailable
FAILED tests/admin/test_tenant_helper.py::test_create_tenant_auto_generates_tenant_id
FAILED tests/admin/test_tenant_helper.py::test_validate_tenant_form_success
FAILED tests/admin/test_tenant_helper.py::test_validate_tenant_form_missing_fields
FAILED tests/admin/test_tenant_helper.py::test_validate_tenant_form_invalid_url
FAILED tests/admin/test_tenant_helper.py::test_validate_tenant_form_invalid_tenant_id
FAILED tests/admin/test_tenant_helper.py::test_validate_tenant_form_duplicate_tenant_id
FAILED tests/admin/test_tenant_helper.py::test_validate_tenant_form_skip_duplicate_check
FAILED tests/admin/test_tenant_helper.py::test_create_tenant_success - Attrib...
FAILED tests/admin/test_tenant_helper.py::test_create_tenant_auto_generates_webhook_secret
FAILED tests/admin/test_tenant_helper.py::test_create_tenant_duplicate_fails
FAILED tests/admin/test_tenant_helper.py::test_get_all_tenants_active_only - ...
FAILED tests/admin/test_tenant_helper.py::test_get_all_tenants_include_inactive
FAILED tests/admin/test_tenant_helper.py::test_get_tenant_by_id_success - Att...
FAILED tests/admin/test_tenant_helper.py::test_get_tenant_by_id_not_found - A...
FAILED tests/admin/test_tenant_helper.py::test_update_tenant_success - Attrib...
FAILED tests/admin/test_tenant_helper.py::test_update_tenant_not_found - Attr...
FAILED tests/admin/test_tenant_helper.py::test_soft_delete_tenant_success - A...
FAILED tests/admin/test_tenant_helper.py::test_soft_delete_tenant_not_found
FAILED tests/integration/test_agent_api.py::TestMissingTenantID::test_create_agent_without_tenant_id
FAILED tests/integration/test_agent_api.py::TestMissingTenantID::test_list_agents_without_tenant_id
FAILED tests/integration/test_agent_api.py::TestMissingTenantID::test_get_agent_without_tenant_id
FAILED tests/integration/test_agent_api.py::TestMissingTenantID::test_update_agent_without_tenant_id
FAILED tests/integration/test_agent_api.py::TestMissingTenantID::test_delete_agent_without_tenant_id
FAILED tests/integration/test_agent_api.py::TestMissingTenantID::test_activate_agent_without_tenant_id
FAILED tests/integration/test_agent_api.py::TestAPIEndpoints::test_agent_endpoints_documented
FAILED tests/integration/test_agent_execution_integration.py::test_agent_execution_api_endpoint_success
FAILED tests/integration/test_agent_execution_integration.py::test_agent_execution_api_endpoint_missing_tenant_header
FAILED tests/integration/test_agent_management_integration.py::TestAgentDetailWorkflow::test_fetch_agent_detail_success
FAILED tests/integration/test_agent_management_integration.py::TestCreateAgentWorkflow::test_create_agent_success
FAILED tests/integration/test_agent_management_integration.py::TestCreateAgentWorkflow::test_create_agent_validation_error
FAILED tests/integration/test_agent_management_integration.py::TestUpdateAgentWorkflow::test_update_agent_success
FAILED tests/integration/test_agent_management_integration.py::TestDeleteAgentWorkflow::test_delete_agent_success
FAILED tests/integration/test_agent_management_integration.py::TestActivateAgentWorkflow::test_activate_agent_success
FAILED tests/integration/test_agent_management_integration.py::TestErrorHandling::test_create_agent_server_error
FAILED tests/integration/test_budget_workflow.py::TestBudgetWebhookToNotificationWorkflow::test_webhook_at_80_percent_triggers_alert_notification
FAILED tests/integration/test_budget_workflow.py::TestBudgetWebhookToNotificationWorkflow::test_webhook_at_100_percent_triggers_critical_alert
FAILED tests/integration/test_budget_workflow.py::TestBudgetWebhookToNotificationWorkflow::test_notification_deduplication_1_hour_cache
FAILED tests/integration/test_budget_workflow.py::TestBudgetEnforcementInAgentExecution::test_agent_execution_blocked_at_110_percent_grace_threshold
FAILED tests/integration/test_budget_workflow.py::TestBudgetEnforcementInAgentExecution::test_agent_execution_allowed_under_grace_threshold
FAILED tests/integration/test_budget_workflow.py::TestBudgetFailSafeBehavior::test_budget_check_failure_allows_execution_failsafe
FAILED tests/integration/test_budget_workflow.py::TestBudgetFailSafeBehavior::test_redis_failure_graceful_degradation_no_deduplication
FAILED tests/integration/test_byok_workflow.py::TestKeyRotationWorkflow::test_rotate_keys_complete_workflow
FAILED tests/integration/test_byok_workflow.py::TestKeyRotationWorkflow::test_rotate_keys_atomic_operation
FAILED tests/integration/test_byok_workflow.py::TestRevertToPlatformWorkflow::test_revert_to_platform_complete_workflow
FAILED tests/integration/test_byok_workflow.py::TestBYOKIdempotency::test_disable_byok_idempotent
FAILED tests/integration/test_celery_tasks.py::TestCeleryTaskExecution::test_task_result_persistence
FAILED tests/integration/test_celery_tasks.py::TestCeleryTaskExecution::test_enhance_ticket_placeholder
FAILED tests/integration/test_celery_tasks.py::TestCeleryTimeoutEnforcement::test_task_soft_timeout
FAILED tests/integration/test_execution_retrieval.py::TestExecutionRetrievalIntegration::test_end_to_end_execution_flow
FAILED tests/integration/test_execution_retrieval.py::TestExecutionRetrievalIntegration::test_tenant_isolation_with_real_db
FAILED tests/integration/test_execution_retrieval.py::TestExecutionRetrievalIntegration::test_not_found_with_real_db
FAILED tests/integration/test_feedback_endpoints.py::TestFeedbackSubmissionValidInputs::test_submit_thumbs_up_feedback
FAILED tests/integration/test_feedback_endpoints.py::TestFeedbackSubmissionValidInputs::test_submit_thumbs_down_feedback
FAILED tests/integration/test_feedback_endpoints.py::TestFeedbackSubmissionValidInputs::test_submit_rating_feedback_with_comment
FAILED tests/integration/test_feedback_endpoints.py::TestFeedbackSubmissionValidInputs::test_submit_anonymous_feedback
FAILED tests/integration/test_feedback_endpoints.py::TestFeedbackSubmissionInvalidInputs::test_submit_rating_without_rating_value
FAILED tests/integration/test_feedback_endpoints.py::TestFeedbackSubmissionInvalidInputs::test_submit_rating_value_exceeds_max
FAILED tests/integration/test_feedback_endpoints.py::TestFeedbackSubmissionInvalidInputs::test_submit_rating_value_below_min
FAILED tests/integration/test_feedback_endpoints.py::TestFeedbackSubmissionInvalidInputs::test_submit_thumbs_up_with_rating_value
FAILED tests/integration/test_feedback_endpoints.py::TestFeedbackSubmissionInvalidInputs::test_submit_missing_required_fields
FAILED tests/integration/test_feedback_endpoints.py::TestFeedbackSubmissionInvalidInputs::test_submit_invalid_feedback_type
FAILED tests/integration/test_feedback_endpoints.py::TestMultiTenantIsolation::test_rls_prevents_cross_tenant_feedback_submission
FAILED tests/integration/test_feedback_endpoints.py::TestDatabaseConstraints::test_empty_feedback_list_returns_zero_count
FAILED tests/integration/test_feedback_endpoints.py::TestDatabaseConstraints::test_stats_with_no_ratings_returns_null_average
FAILED tests/integration/test_import_tickets_integration.py::TestEndToEndImport::test_import_pagination
FAILED tests/integration/test_import_tickets_integration.py::TestEndToEndImport::test_import_with_invalid_data
FAILED tests/integration/test_import_tickets_integration.py::TestDatabaseConstraints::test_unique_constraint_enforced
FAILED tests/integration/test_import_tickets_integration.py::TestDatabaseConstraints::test_source_field_tracking
FAILED tests/integration/test_jira_plugin_integration.py::test_plugin_manager_routes_to_jira
FAILED tests/integration/test_mcp_health_metrics_workflow.py::test_metrics_api_endpoint_integration
FAILED tests/integration/test_mcp_health_metrics_workflow.py::test_metrics_api_endpoint_tenant_isolation
FAILED tests/integration/test_mcp_health_metrics_workflow.py::test_metrics_api_endpoint_invalid_period
FAILED tests/integration/test_mcp_health_metrics_workflow.py::test_cleanup_task_deletes_old_metrics
FAILED tests/integration/test_mcp_health_metrics_workflow.py::test_streamlit_fetch_metrics_helper
FAILED tests/integration/test_mcp_health_metrics_workflow.py::test_prometheus_metrics_instrumentation
FAILED tests/integration/test_mcp_http_sse_workflow.py::TestHTTPSSEServerWorkflow::test_create_http_sse_server
FAILED tests/integration/test_mcp_http_sse_workflow.py::TestHTTPSSEServerWorkflow::test_edit_http_sse_server
FAILED tests/integration/test_mcp_http_sse_workflow.py::TestHTTPSSEServerWorkflow::test_delete_http_sse_server
FAILED tests/integration/test_mcp_http_sse_workflow.py::TestHTTPSSEServerWorkflow::test_full_http_sse_workflow
FAILED tests/integration/test_mcp_http_sse_workflow.py::TestHTTPSSEServerWorkflow::test_backward_compatibility_with_stdio
FAILED tests/integration/test_mcp_http_sse_workflow.py::TestHTTPSSEServerWorkflow::test_http_sse_invalid_url_rejected
FAILED tests/integration/test_mcp_http_sse_workflow.py::TestHTTPSSEServerWorkflow::test_http_sse_mixed_fields_rejected
FAILED tests/integration/test_mcp_server_workflow.py::TestMCPServerEndToEndWorkflow::test_full_crud_workflow
FAILED tests/integration/test_mcp_server_workflow.py::TestMCPServerEndToEndWorkflow::test_multi_tenant_isolation
FAILED tests/integration/test_mcp_server_workflow.py::TestMCPServerEndToEndWorkflow::test_pagination_with_multiple_servers
FAILED tests/integration/test_mcp_server_workflow.py::TestMCPServerEndToEndWorkflow::test_filtering_by_status
FAILED tests/integration/test_mcp_server_workflow.py::TestMCPServerEndToEndWorkflow::test_health_check_endpoint
FAILED tests/integration/test_mcp_ui_workflow.py::test_end_to_end_add_server_workflow
FAILED tests/integration/test_mcp_ui_workflow.py::test_edit_server_workflow
FAILED tests/integration/test_mcp_ui_workflow.py::test_delete_server_workflow
FAILED tests/integration/test_mcp_ui_workflow.py::test_rediscover_capabilities_workflow
FAILED tests/integration/test_mcp_ui_workflow.py::test_error_handling_invalid_command
FAILED tests/integration/test_mcp_ui_workflow.py::test_tenant_isolation - ass...
FAILED tests/integration/test_mcp_ui_workflow.py::test_validation_error_duplicate_name
FAILED tests/integration/test_mock_plugin_workflow.py::test_full_enhancement_workflow_with_mock_plugin
FAILED tests/integration/test_mock_plugin_workflow.py::test_workflow_api_error_during_get_ticket
FAILED tests/integration/test_mock_plugin_workflow.py::test_workflow_timeout_during_update_ticket
FAILED tests/integration/test_mock_plugin_workflow.py::test_workflow_ticket_not_found
FAILED tests/integration/test_mock_plugin_workflow.py::test_capture_plugin_response_success
FAILED tests/integration/test_mock_plugin_workflow.py::test_capture_plugin_response_api_error
FAILED tests/integration/test_mock_plugin_workflow.py::test_capture_plugin_response_timeout
FAILED tests/integration/test_mock_plugin_workflow.py::test_workflow_with_malformed_payload
FAILED tests/integration/test_mock_plugin_workflow.py::test_workflow_with_call_history_reset
FAILED tests/integration/test_openapi_tool_workflow.py::TestFullWorkflow::test_workflow_invalid_spec_displays_errors
FAILED tests/integration/test_openapi_tool_workflow.py::TestMultiToolWorkflow::test_multiple_tools_same_tenant
FAILED tests/integration/test_plugin_management_ui.py::test_assign_non_existent_plugin_error_handling
FAILED tests/integration/test_plugin_manager_integration.py::TestMultiPluginIntegration::test_register_and_retrieve_multiple_plugins
FAILED tests/integration/test_plugin_manager_integration.py::TestMultiPluginIntegration::test_plugin_routing_by_tool_type
FAILED tests/integration/test_plugin_manager_integration.py::TestMultiPluginIntegration::test_plugin_not_found_with_multiple_registered
FAILED tests/integration/test_plugin_manager_integration.py::TestMultiPluginIntegration::test_update_ticket_with_correct_plugin
FAILED tests/integration/test_redis_queue.py::TestQueueErrorHandling::test_invalid_json_handling
FAILED tests/integration/test_redis_queue.py::TestQueueErrorHandling::test_queue_operations_with_special_characters
FAILED tests/integration/test_resolved_ticket_webhook_integration.py::TestResolvedTicketWebhookIntegration::test_webhook_endpoint_returns_202_accepted
FAILED tests/integration/test_resolved_ticket_webhook_integration.py::TestResolvedTicketWebhookIntegration::test_webhook_with_invalid_signature_returns_401
FAILED tests/integration/test_resolved_ticket_webhook_integration.py::TestResolvedTicketWebhookIntegration::test_webhook_with_missing_signature_returns_401
FAILED tests/integration/test_resolved_ticket_webhook_integration.py::TestResolvedTicketWebhookIntegration::test_webhook_with_malformed_payload_returns_422
FAILED tests/integration/test_resolved_ticket_webhook_integration.py::TestResolvedTicketWebhookIntegration::test_webhook_with_invalid_datetime_returns_422
FAILED tests/integration/test_resolved_ticket_webhook_integration.py::TestResolvedTicketWebhookIntegration::test_webhook_with_empty_ticket_id_returns_422
FAILED tests/integration/test_resolved_ticket_webhook_integration.py::TestResolvedTicketWebhookIntegration::test_concurrent_webhooks_handled_correctly
FAILED tests/integration/test_resolved_ticket_webhook_integration.py::TestResolvedTicketWebhookIntegration::test_webhook_with_different_tenants_isolated
FAILED tests/integration/test_resolved_ticket_webhook_integration.py::TestResolvedTicketWebhookIntegration::test_webhook_signature_validation_with_payload_variations
FAILED tests/integration/test_resolved_ticket_webhook_integration.py::TestResolvedTicketWebhookIntegration::test_performance_endpoint_responds_under_50ms
FAILED tests/integration/test_unified_tool_discovery_workflow.py::test_e2e_create_and_list_unified_tools
FAILED tests/integration/test_unified_tool_discovery_workflow.py::test_multi_tenant_isolation
FAILED tests/integration/test_unified_tool_discovery_workflow.py::test_cache_behavior_across_calls
FAILED tests/integration/test_unified_tool_discovery_workflow.py::test_deduplication_with_real_data
FAILED tests/integration/test_unified_tool_discovery_workflow.py::test_only_active_mcp_servers
FAILED tests/integration/test_unified_tool_discovery_workflow.py::test_performance_with_many_tools
FAILED tests/integration/test_unified_tool_discovery_workflow.py::test_empty_database_returns_empty_list
FAILED tests/performance/test_budget_performance.py::TestBudgetCheckPerformance::test_budget_check_latency_with_cache_hit_under_50ms_p95
FAILED tests/performance/test_budget_performance.py::TestBudgetCheckPerformance::test_budget_check_latency_with_cache_miss_under_50ms_p95
FAILED tests/performance/test_budget_performance.py::TestBudgetCheckPerformance::test_concurrent_budget_checks_no_degradation
FAILED tests/performance/test_budget_performance.py::TestWebhookProcessingPerformance::test_webhook_processing_latency_under_100ms_p95
FAILED tests/performance/test_budget_performance.py::TestWebhookProcessingPerformance::test_webhook_high_throughput_50_per_second
FAILED tests/unit/test_agent_management_ui.py::TestMemoryConfigSerialization::test_create_agent_with_memory_config_serialization
FAILED tests/unit/test_agent_management_ui.py::TestMemoryConfigSerialization::test_update_agent_with_memory_config_serialization
FAILED tests/unit/test_agent_service.py::TestAgentServiceInitialization::test_agent_service_creation_default_base_url
FAILED tests/unit/test_config.py::test_settings_loads_from_environment_variables
FAILED tests/unit/test_config.py::test_settings_uses_default_values_when_env_vars_missing
FAILED tests/unit/test_config.py::test_settings_accepts_custom_values_for_optional_fields
FAILED tests/unit/test_config.py::test_env_prefix_correctly_prepends_to_variable_names
FAILED tests/unit/test_config.py::test_settings_validates_pool_size_constraints
FAILED tests/unit/test_config.py::test_settings_validates_environment_values
FAILED tests/unit/test_config.py::test_settings_validates_log_level_values - ...
FAILED tests/unit/test_execution_history_helpers.py::test_get_tenant_list - a...
FAILED tests/unit/test_k8s_manifests.py::TestSecrets::test_secrets_template_readable
FAILED tests/unit/test_litellm_config.py::TestLiteLLMConfigFile::test_config_has_required_top_level_keys
FAILED tests/unit/test_litellm_config.py::TestModelListConfiguration::test_model_list_not_empty
FAILED tests/unit/test_litellm_config.py::TestModelListConfiguration::test_fallback_chain_configured
FAILED tests/unit/test_litellm_config.py::TestModelListConfiguration::test_primary_model_is_openai
FAILED tests/unit/test_litellm_config.py::TestModelListConfiguration::test_fallback_models_configured
FAILED tests/unit/test_litellm_config.py::TestRouterSettings::test_routing_strategy_configured
FAILED tests/unit/test_litellm_config.py::TestRouterSettings::test_num_retries_configured
FAILED tests/unit/test_litellm_config.py::TestRouterSettings::test_timeout_configured
FAILED tests/unit/test_litellm_config.py::TestRouterSettings::test_context_window_fallbacks_enabled
FAILED tests/unit/test_litellm_config.py::TestLiteLLMSettings::test_num_retries_configured
FAILED tests/unit/test_litellm_config.py::TestLiteLLMSettings::test_retry_policy_is_exponential_backoff
FAILED tests/unit/test_litellm_config.py::TestLiteLLMSettings::test_request_timeout_is_30_seconds
FAILED tests/unit/test_litellm_config.py::TestLiteLLMSettings::test_allowed_fails_configured
FAILED tests/unit/test_litellm_config.py::TestLiteLLMSettings::test_cooldown_time_configured
FAILED tests/unit/test_litellm_config.py::TestLiteLLMSettings::test_drop_params_enabled
FAILED tests/unit/test_litellm_config.py::TestLiteLLMSettings::test_set_verbose_enabled
FAILED tests/unit/test_litellm_config.py::TestGeneralSettings::test_master_key_uses_env_variable
FAILED tests/unit/test_litellm_config.py::TestGeneralSettings::test_database_url_uses_env_variable
FAILED tests/unit/test_litellm_config.py::TestAcceptanceCriteriaCompliance::test_ac5_fallback_chain_configured
FAILED tests/unit/test_litellm_config.py::TestAcceptanceCriteriaCompliance::test_ac6_retry_logic_configured
FAILED tests/unit/test_llm_cost_api.py::TestGetCostSummary::test_get_cost_summary_unauthorized
FAILED tests/unit/test_llm_cost_api.py::TestGetSpendByAgent::test_get_spend_by_agent_success
FAILED tests/unit/test_llm_cost_api.py::TestGetSpendByModel::test_get_spend_by_model_success
FAILED tests/unit/test_llm_cost_api.py::TestGetTokenBreakdown::test_get_token_breakdown_with_model_filter
FAILED tests/unit/test_llm_cost_api.py::TestGetBudgetUtilization::test_get_budget_utilization_success
FAILED tests/unit/test_llm_cost_service.py::TestGetTotalSpend::test_total_spend_with_data
FAILED tests/unit/test_llm_cost_service.py::TestGetTotalSpend::test_total_spend_tenant_isolation
FAILED tests/unit/test_llm_cost_service.py::TestGetTotalSpend::test_total_spend_date_range_filter
FAILED tests/unit/test_llm_cost_service.py::TestGetSpendByTenant::test_spend_by_tenant_ranking
FAILED tests/unit/test_llm_cost_service.py::TestGetSpendByTenant::test_spend_by_tenant_limit
FAILED tests/unit/test_llm_cost_service.py::TestGetSpendByAgent::test_spend_by_agent_with_tags
FAILED tests/unit/test_llm_cost_service.py::TestGetDailySpendTrend::test_daily_trend_fills_missing_dates
FAILED tests/unit/test_llm_cost_service.py::TestGetBudgetUtilization::test_budget_utilization_color_coding
FAILED tests/unit/test_llm_model_discovery.py::TestGetAvailableModels::test_get_available_models_success
FAILED tests/unit/test_llm_model_discovery.py::TestGetAvailableModels::test_get_available_models_force_refresh_bypasses_cache
FAILED tests/unit/test_llm_model_discovery.py::TestGetModelDetails::test_get_model_details_not_found
FAILED tests/unit/test_llm_service.py::TestLLMServiceInitialization::test_init_missing_proxy_url
FAILED tests/unit/test_llm_service.py::TestLLMServiceInitialization::test_init_missing_master_key
FAILED tests/unit/test_llm_service.py::TestGetLLMClient::test_get_llm_client_success
FAILED tests/unit/test_llm_service.py::TestGetLLMClient::test_get_llm_client_no_virtual_key
FAILED tests/unit/test_llm_service.py::TestGetLLMClient::test_get_llm_client_decryption_failure
FAILED tests/unit/test_logger.py::TestSensitiveDataFilter::test_redact_password
FAILED tests/unit/test_logger.py::TestSensitiveDataFilter::test_redact_dict_values
FAILED tests/unit/test_logger.py::TestSensitiveDataFilter::test_redact_nested_dict
FAILED tests/unit/test_logger.py::TestSensitiveDataFilter::test_redact_list_values
FAILED tests/unit/test_logger.py::TestSensitiveDataFilter::test_filter_log_record
FAILED tests/unit/test_mcp_stdio_client.py::test_close_graceful_shutdown - As...
FAILED tests/unit/test_mock_plugin.py::TestFactoryMethods::test_success_mode
FAILED tests/unit/test_mock_plugin.py::TestFactoryMethods::test_api_error_mode
FAILED tests/unit/test_mock_plugin.py::TestFactoryMethods::test_auth_error_mode
FAILED tests/unit/test_mock_plugin.py::TestFactoryMethods::test_timeout_mode
FAILED tests/unit/test_mock_plugin.py::TestFactoryMethods::test_not_found_mode
FAILED tests/unit/test_mock_plugin.py::TestCallTracking::test_call_history_records_all_methods
FAILED tests/unit/test_mock_plugin.py::TestCallTracking::test_call_history_includes_timestamps/Users/ravi/Documents/nullBytes_Apps/Ai_Agents/AI Ops/.venv/lib/python3.12/site-packages/_pytest/unraisableexception.py:33: RuntimeWarning:
FAILED tests/unit/test_mock_plugin.py::TestCallTracking::test_reset_call_history
FAILED tests/unit/test_mock_plugin.py::TestCallTracking::test_call_history_preserved_on_exception
FAILED tests/unit/test_mock_plugin.py::TestCustomConfiguration::test_custom_validate_response
FAILED tests/unit/test_mock_plugin.py::TestCustomConfiguration::test_custom_get_ticket_response
FAILED tests/unit/test_mock_plugin.py::TestCustomConfiguration::test_custom_update_ticket_response
FAILED tests/unit/test_mock_plugin.py::TestExtractMetadata::test_extract_metadata_generic_payload
FAILED tests/unit/test_mock_plugin.py::TestExtractMetadata::test_extract_metadata_servicedesk_payload
FAILED tests/unit/test_mock_plugin.py::TestExtractMetadata::test_extract_metadata_jira_payload
FAILED tests/unit/test_mock_plugin.py::TestExtractMetadata::test_extract_metadata_missing_fields
FAILED tests/unit/test_mock_plugin.py::TestExtractMetadata::test_extract_metadata_priority_normalization
FAILED tests/unit/test_mock_plugin.py::TestBehaviorVerification::test_extract_metadata_not_tracked_in_history
FAILED tests/unit/test_mock_plugin.py::TestBehaviorVerification::test_multiple_calls_same_method
FAILED tests/unit/test_mock_plugin.py::TestBehaviorVerification::test_get_call_history_returns_copy
FAILED tests/unit/test_openapi_tools_api.py::TestCreateToolEndpoint::test_create_tool_success
FAILED tests/unit/test_openapi_tools_api.py::TestCreateToolEndpoint::test_create_tool_invalid_spec_returns_400
FAILED tests/unit/test_openapi_tools_api.py::TestParseSpecEndpoint::test_parse_spec_with_common_issues_returns_errors
FAILED tests/unit/test_openapi_tools_api.py::TestTestConnectionEndpoint::test_connection_success_200
FAILED tests/unit/test_openapi_tools_api.py::TestTestConnectionEndpoint::test_connection_401_unauthorized
FAILED tests/unit/test_openapi_tools_api.py::TestTestConnectionEndpoint::test_connection_timeout_error
FAILED tests/unit/test_openapi_tools_api.py::TestTestConnectionEndpoint::test_connection_invalid_spec_returns_400
FAILED tests/unit/test_openapi_tools_api.py::TestListToolsEndpoint::test_list_tools_for_tenant
FAILED tests/unit/test_openapi_tools_api.py::TestListToolsEndpoint::test_list_tools_with_status_filter
FAILED tests/unit/test_openapi_tools_api.py::TestGetToolEndpoint::test_get_tool_by_id_success
FAILED tests/unit/test_plugin_base.py::TestTicketingToolPluginABC::test_ticketing_tool_plugin_has_four_methods
FAILED tests/unit/test_plugin_base.py::TestTicketingToolPluginWithExtraMethods::test_ticketing_tool_plugin_with_extra_methods
FAILED tests/unit/test_plugin_base.py::TestMockTicketingToolPlugin::test_mock_plugin_instantiation
FAILED tests/unit/test_plugin_base.py::TestMockTicketingToolPlugin::test_mock_plugin_validate_webhook
FAILED tests/unit/test_plugin_base.py::TestMockTicketingToolPlugin::test_mock_plugin_get_ticket
FAILED tests/unit/test_plugin_base.py::TestMockTicketingToolPlugin::test_mock_plugin_get_ticket_not_found
FAILED tests/unit/test_plugin_base.py::TestMockTicketingToolPlugin::test_mock_plugin_update_ticket
FAILED tests/unit/test_plugin_base.py::TestMockTicketingToolPlugin::test_mock_plugin_extract_metadata
FAILED tests/unit/test_prompt_service.py::TestPromptVersionManagement::test_get_prompt_versions_success
FAILED tests/unit/test_prompt_service.py::TestPromptVersionManagement::test_get_prompt_versions_agent_not_found
FAILED tests/unit/test_prompt_service.py::TestPromptVersionManagement::test_save_prompt_version_success
FAILED tests/unit/test_prompt_service.py::TestPromptVersionManagement::test_revert_to_version_success
FAILED tests/unit/test_prompt_service.py::TestPromptVersionManagement::test_revert_to_version_not_found
FAILED tests/unit/test_prompt_service.py::TestTemplateManagement::test_get_prompt_templates_includes_builtin
FAILED tests/unit/test_prompt_service.py::TestTemplateManagement::test_get_prompt_templates_custom_only
FAILED tests/unit/test_prompt_service.py::TestTemplateManagement::test_delete_custom_template_success
FAILED tests/unit/test_prompt_service.py::TestTemplateManagement::test_delete_custom_template_builtin_error
FAILED tests/unit/test_prompt_service.py::TestMultiTenancyEnforcement::test_cross_tenant_isolation_get_versions
FAILED tests/unit/test_queue_service.py::TestQueueService::test_push_job_success
FAILED tests/unit/test_queue_service.py::TestQueueService::test_push_job_serialization
FAILED tests/unit/test_queue_service.py::TestQueueService::test_push_job_redis_connection_error
FAILED tests/unit/test_queue_service.py::TestQueueService::test_push_job_redis_timeout_error
FAILED tests/unit/test_queue_service.py::TestQueueService::test_push_job_queue_depth
FAILED tests/unit/test_queue_service.py::TestQueueService::test_push_job_multiple_jobs
FAILED tests/unit/test_queue_service.py::TestQueueService::test_push_job_valid_job_id_format
FAILED tests/unit/test_row_level_security.py::TestRLSCrossTenantIsolation::test_rls_blocks_cross_tenant_select
FAILED tests/unit/test_row_level_security.py::TestRLSCrossTenantIsolation::test_rls_blocks_cross_tenant_update
FAILED tests/unit/test_row_level_security.py::TestRLSCrossTenantIsolation::test_rls_blocks_cross_tenant_delete
FAILED tests/unit/test_row_level_security.py::TestRLSMissingContext::test_missing_context_returns_empty_results
FAILED tests/unit/test_tenant_plugin_audit.py::test_create_tenant_logs_plugin_assignment
FAILED tests/unit/test_tenant_plugin_audit.py::test_create_tenant_logs_failure_on_duplicate
FAILED tests/unit/test_tenant_plugin_audit.py::test_create_tenant_defaults_to_servicedesk_plus_if_no_tool_type
FAILED tests/unit/test_tenant_plugin_audit.py::test_update_tenant_logs_plugin_reassignment
FAILED tests/unit/test_tenant_plugin_audit.py::test_update_tenant_does_not_log_if_plugin_unchanged
FAILED tests/unit/test_tenant_plugin_audit.py::test_update_tenant_logs_plugin_same_value_change
FAILED tests/unit/test_tenant_plugin_audit.py::test_update_tenant_logs_failure_on_error
FAILED tests/unit/test_tenant_plugin_audit.py::test_update_tenant_returns_false_if_tenant_not_found
FAILED tests/unit/test_tenant_plugin_audit.py::test_audit_log_entry_has_required_fields
FAILED tests/unit/test_tenant_plugin_audit.py::test_audit_log_details_contain_plugin_info
FAILED tests/unit/test_tenant_service.py::test_create_tenant_success - ValueE...
FAILED tests/unit/test_tenant_service.py::test_create_tenant_cache_failure_nonfatal
FAILED tests/unit/test_tenant_service.py::test_get_tenant_config_cache_miss_with_db
FAILED tests/unit/test_tenant_service.py::test_get_tenant_config_cache_failure_fallback_to_db
FAILED tests/unit/test_tenant_service.py::test_list_tenants_paginated - pydan...
FAILED tests/unit/test_tenant_service.py::test_tenant_service_with_empty_preferences
FAILED tests/unit/test_webhook_endpoint.py::TestWebhookEndpoint::test_signature_validation_before_pydantic_validation
FAILED tests/unit/test_webhook_endpoint.py::TestWebhookLogging::test_valid_webhook_logs_at_info_level
FAILED tests/unit/test_webhook_endpoint.py::TestWebhookQueueing::test_webhook_redis_unavailable_returns_503
FAILED tests/unit/test_webhook_endpoint.py::TestWebhookQueueing::test_webhook_logs_queue_failure
ERROR tests/integration/test_agent_database.py::TestAgentCRUD::test_insert_agent
ERROR tests/integration/test_agent_database.py::TestAgentCRUD::test_query_agents_by_tenant
ERROR tests/integration/test_agent_database.py::TestAgentCRUD::test_update_agent_status
ERROR tests/integration/test_agent_database.py::TestAgentCRUD::test_delete_agent_cascade
ERROR tests/integration/test_agent_database.py::TestAgentRelationships::test_agent_trigger_relationship
ERROR tests/integration/test_agent_database.py::TestAgentRelationships::test_agent_tools_relationship
ERROR tests/integration/test_agent_database.py::TestJSONBOperations::test_jsonb_insert
ERROR tests/integration/test_agent_database.py::TestJSONBOperations::test_jsonb_query
ERROR tests/integration/test_feedback_endpoints.py::TestFeedbackRetrieval::test_get_all_feedback_for_tenant
ERROR tests/integration/test_feedback_endpoints.py::TestFeedbackRetrieval::test_filter_feedback_by_type_thumbs_up
ERROR tests/integration/test_feedback_endpoints.py::TestFeedbackRetrieval::test_filter_feedback_by_type_rating
ERROR tests/integration/test_feedback_endpoints.py::TestFeedbackRetrieval::test_filter_feedback_by_date_range
ERROR tests/integration/test_feedback_endpoints.py::TestFeedbackRetrieval::test_pagination_with_limit_offset
ERROR tests/integration/test_feedback_endpoints.py::TestFeedbackStatistics::test_calculate_average_rating
ERROR tests/integration/test_feedback_endpoints.py::TestFeedbackStatistics::test_feedback_counts_by_type
ERROR tests/integration/test_feedback_endpoints.py::TestFeedbackStatistics::test_total_feedback_count
ERROR tests/integration/test_feedback_endpoints.py::TestFeedbackStatistics::test_positive_percentage_calculation
ERROR tests/integration/test_feedback_endpoints.py::TestFeedbackStatistics::test_stats_with_date_range_filter
ERROR tests/integration/test_feedback_endpoints.py::TestMultiTenantIsolation::test_rls_prevents_cross_tenant_feedback_access
ERROR tests/integration/test_feedback_endpoints.py::TestMultiTenantIsolation::test_rls_prevents_cross_tenant_stats_access
ERROR tests/integration/test_feedback_endpoints.py::TestDatabaseConstraints::test_check_constraint_rating_value_range
ERROR tests/integration/test_feedback_endpoints.py::TestDatabaseConstraints::test_check_constraint_feedback_type_enum
ERROR tests/integration/test_import_tickets_integration.py::TestEndToEndImport::test_import_pagination
ERROR tests/integration/test_import_tickets_integration.py::TestEndToEndImport::test_import_with_invalid_data
ERROR tests/integration/test_import_tickets_integration.py::TestDatabaseConstraints::test_unique_constraint_enforced
ERROR tests/integration/test_import_tickets_integration.py::TestDatabaseConstraints::test_source_field_tracking
ERROR tests/integration/test_mock_plugin_workflow.py::test_servicedesk_plus_workflow_with_mock_plugin
ERROR tests/integration/test_mock_plugin_workflow.py::test_jira_workflow_with_mock_plugin
ERROR tests/integration/test_openapi_tool_workflow.py::TestFullWorkflow::test_full_workflow_upload_parse_generate_save
ERROR tests/integration/test_openapi_tool_workflow.py::TestToolGenerationCount::test_tool_count_matches_endpoint_count
ERROR tests/integration/test_plugin_management_ui.py::test_full_plugin_management_workflow
ERROR tests/integration/test_plugin_management_ui.py::test_tenant_plugin_assignment_workflow
ERROR tests/integration/test_plugin_management_ui.py::test_audit_logging_for_plugin_operations
ERROR tests/integration/test_plugin_management_ui.py::test_plugin_reassignment_persistence
ERROR tests/integration/test_plugin_management_ui.py::test_multi_tenant_plugin_isolation
ERROR tests/integration/test_webhook_api.py::test_webhook_endpoint_valid_signature
ERROR tests/integration/test_webhook_api.py::test_webhook_endpoint_invalid_signature
ERROR tests/integration/test_webhook_api.py::test_webhook_endpoint_payload_validation_fail
ERROR tests/integration/test_webhook_api.py::test_webhook_endpoint_agent_inactive
ERROR tests/integration/test_webhook_api.py::test_webhook_endpoint_cross_tenant_access
ERROR tests/integration/test_webhook_api.py::test_regenerate_secret_invalidates_old_webhooks
ERROR tests/unit/test_plugin_registry.py::TestPluginManagerSingleton::test_plugin_manager_shared_state
ERROR tests/unit/test_plugin_registry.py::TestPluginRegistration::test_register_plugin_success
ERROR tests/unit/test_plugin_registry.py::TestPluginRegistration::test_register_plugin_empty_tool_type
ERROR tests/unit/test_plugin_registry.py::TestPluginRegistration::test_register_plugin_none_tool_type
ERROR tests/unit/test_plugin_registry.py::TestPluginRegistration::test_register_multiple_plugins
ERROR tests/unit/test_plugin_registry.py::TestPluginRetrieval::test_get_plugin_success
ERROR tests/unit/test_plugin_registry.py::TestPluginRetrieval::test_get_plugin_error_message_includes_available
ERROR tests/unit/test_plugin_registry.py::TestHelperMethods::test_list_registered_plugins
ERROR tests/unit/test_plugin_registry.py::TestHelperMethods::test_is_plugin_registered_true
ERROR tests/unit/test_plugin_registry.py::TestHelperMethods::test_unregister_plugin_success
ERROR tests/unit/test_plugin_registry.py::TestHelperMethods::test_unregister_and_reregister
